SF:lib\firebase_options.dart
DA:18,0
DA:22,0
DA:23,0
DA:25,0
DA:26,0
DA:30,0
DA:31,0
DA:35,0
DA:36,0
DA:40,0
DA:41,0
DA:46,0
LF:12
LH:0
end_of_record
SF:lib\application\extension.dart
DA:4,0
DA:5,0
DA:6,0
DA:7,0
DA:9,0
DA:10,0
LF:6
LH:0
end_of_record
SF:lib\application\get_it\get_it_service_locator.dart
DA:6,9
DA:8,0
DA:14,0
LF:3
LH:1
end_of_record
SF:lib\application\get_it\get_it_service_locator.config.dart
DA:18,0
DA:23,0
DA:28,0
DA:29,0
DA:30,0
DA:31,0
LF:6
LH:0
end_of_record
SF:lib\application\services\remote_config_service.dart
DA:14,0
DA:15,0
DA:21,0
DA:22,0
DA:25,0
DA:26,0
DA:28,0
DA:31,0
DA:32,0
DA:33,0
DA:37,0
DA:38,0
LF:12
LH:0
end_of_record
SF:lib\data\api\api.dart
DA:12,0
DA:13,0
DA:14,0
DA:18,0
DA:19,0
DA:24,0
DA:28,0
DA:30,0
DA:34,0
DA:38,0
DA:40,0
DA:44,0
DA:47,0
DA:48,0
DA:52,0
DA:56,0
DA:57,0
DA:61,0
DA:65,0
DA:66,0
DA:67,0
LF:21
LH:0
end_of_record
SF:lib\presentation\ui\app_bar\bloc\app_bar_bloc.dart
DA:18,4
DA:19,4
DA:20,4
DA:23,2
DA:24,2
DA:25,4
DA:28,2
DA:29,2
DA:30,4
LF:9
LH:9
end_of_record
SF:lib\presentation\ui\theme\bloc\theme_bloc.dart
DA:21,9
DA:22,6
DA:23,6
DA:24,6
DA:27,1
DA:28,2
DA:29,2
DA:32,1
DA:33,2
DA:34,2
DA:37,1
DA:38,2
DA:39,2
DA:41,2
DA:44,2
LF:15
LH:15
end_of_record
SF:lib\application\getters\device_id.dart
DA:4,2
DA:5,2
DA:6,2
DA:7,0
DA:8,0
DA:9,2
DA:10,0
DA:11,0
LF:8
LH:4
end_of_record
SF:lib\data\models\element_request\element_request.dart
DA:16,0
DA:17,0
LF:2
LH:0
end_of_record
SF:lib\data\models\element_request\element_request.g.dart
DA:9,0
DA:10,0
DA:11,0
DA:12,0
DA:15,0
DA:16,0
DA:17,0
DA:18,0
LF:8
LH:0
end_of_record
SF:lib\data\models\element_response\element_response.dart
DA:15,0
DA:16,0
LF:2
LH:0
end_of_record
SF:lib\data\models\element_response\element_response.g.dart
DA:9,0
DA:10,0
DA:11,0
DA:12,0
DA:13,0
DA:16,0
DA:17,0
DA:18,0
DA:19,0
DA:20,0
LF:10
LH:0
end_of_record
SF:lib\data\models\list_request\list_request.dart
DA:14,0
DA:15,0
LF:2
LH:0
end_of_record
SF:lib\data\models\list_request\list_request.g.dart
DA:9,0
DA:10,0
DA:11,0
DA:12,0
DA:13,0
DA:14,0
DA:17,0
DA:18,0
DA:19,0
DA:20,0
LF:10
LH:0
end_of_record
SF:lib\data\models\list_response\list_response.dart
DA:15,0
DA:16,0
LF:2
LH:0
end_of_record
SF:lib\data\models\list_response\list_response.g.dart
DA:9,0
DA:10,0
DA:11,0
DA:12,0
DA:13,0
DA:14,0
DA:15,0
DA:18,0
DA:19,0
DA:20,0
DA:21,0
DA:22,0
LF:12
LH:0
end_of_record
SF:lib\data\repositories\fake_todos_repsitory.dart
DA:12,3
DA:13,3
DA:15,3
DA:17,9
DA:18,3
DA:19,3
DA:20,3
DA:21,12
DA:22,3
DA:23,12
DA:28,6
DA:29,6
DA:36,2
DA:38,4
DA:41,2
DA:43,12
DA:44,4
DA:47,0
DA:49,0
DA:50,0
DA:51,0
DA:56,2
DA:58,2
DA:61,2
DA:63,10
DA:66,0
DA:68,0
LF:27
LH:21
end_of_record
SF:lib\domain\models\todo\todo.g.dart
DA:13,0
DA:15,0
DA:16,0
DA:17,0
DA:19,0
DA:20,0
DA:21,0
DA:22,0
DA:23,0
DA:24,0
DA:25,0
DA:26,0
DA:27,0
DA:28,0
DA:29,0
DA:30,0
DA:34,0
DA:37,0
DA:38,0
DA:39,0
DA:40,0
DA:41,0
DA:42,0
DA:43,0
DA:44,0
DA:45,0
DA:46,0
DA:47,0
DA:48,0
DA:49,0
DA:50,0
DA:51,0
DA:52,0
DA:53,0
DA:54,0
DA:55,0
DA:56,0
DA:57,0
DA:58,0
DA:59,0
DA:62,0
DA:63,0
DA:65,0
DA:68,0
DA:69,0
DA:70,0
DA:77,0
DA:79,0
DA:80,0
DA:82,0
DA:84,0
DA:91,0
DA:94,0
DA:95,0
DA:97,0
DA:98,0
DA:100,0
DA:101,0
DA:106,0
DA:107,0
DA:109,0
DA:112,0
DA:113,0
DA:114,0
DA:121,0
DA:123,0
DA:124,0
DA:126,0
DA:128,0
DA:135,0
DA:138,0
DA:139,0
DA:141,0
DA:142,0
DA:144,0
DA:145,0
DA:150,0
DA:151,0
DA:153,0
DA:156,0
DA:157,0
DA:158,0
DA:165,0
DA:166,0
DA:167,0
DA:168,0
DA:169,0
DA:170,0
DA:171,0
DA:172,0
DA:173,0
DA:174,0
DA:175,0
DA:176,0
DA:179,0
DA:180,0
DA:181,0
DA:182,0
DA:183,0
DA:184,0
DA:185,0
DA:186,0
DA:187,0
DA:188,0
DA:189,0
DA:190,0
LF:106
LH:0
end_of_record
SF:lib\domain\models\todo\todo.dart
DA:50,0
LF:1
LH:0
end_of_record
SF:lib\data\repositories\todos_repository.dart
DA:12,0
DA:13,0
DA:15,0
DA:16,0
DA:17,0
DA:21,0
DA:24,0
DA:25,0
DA:27,0
DA:31,0
DA:34,0
DA:35,0
DA:37,0
DA:39,0
DA:42,0
DA:45,0
DA:46,0
DA:48,0
DA:52,0
DA:56,0
DA:59,0
DA:60,0
DA:61,0
DA:62,0
DA:64,0
DA:67,0
DA:70,0
DA:73,0
DA:76,0
DA:77,0
DA:79,0
DA:81,0
DA:84,0
DA:87,0
DA:88,0
DA:89,0
DA:92,0
DA:93,0
DA:96,0
DA:101,0
DA:104,0
LF:41
LH:0
end_of_record
SF:lib\data\repositories\todos_local_repository.dart
DA:11,0
DA:13,0
DA:16,0
DA:18,0
DA:21,0
DA:23,0
DA:26,0
DA:28,0
DA:31,0
DA:33,0
DA:36,0
DA:38,0
DA:39,0
DA:40,0
LF:14
LH:0
end_of_record
SF:lib\data\repositories\todos_remote_repository.dart
DA:13,0
DA:14,0
DA:16,0
DA:17,0
DA:18,0
DA:21,0
DA:22,0
DA:23,0
DA:26,0
DA:28,0
DA:29,0
DA:33,0
DA:36,0
DA:39,0
DA:41,0
DA:42,0
DA:46,0
DA:49,0
DA:52,0
DA:54,0
DA:55,0
DA:57,0
DA:59,0
DA:62,0
DA:64,0
DA:66,0
DA:69,0
DA:72,0
DA:74,0
DA:77,0
DA:78,0
DA:81,0
DA:83,0
DA:84,0
DA:88,0
DA:91,0
LF:36
LH:0
end_of_record
SF:lib\flavor_config.dart
DA:7,2
DA:11,2
DA:16,2
DA:21,1
DA:23,1
DA:24,1
DA:28,0
LF:7
LH:6
end_of_record
SF:lib\generated\intl\messages_all.dart
DA:22,6
DA:23,4
DA:24,0
DA:27,2
DA:29,2
DA:30,2
DA:31,0
DA:32,0
DA:39,2
DA:40,2
DA:41,6
DA:42,0
DA:44,0
DA:46,4
DA:47,2
DA:48,6
DA:49,4
DA:50,2
DA:53,2
DA:55,2
DA:61,2
DA:63,2
DA:65,2
LF:23
LH:18
end_of_record
SF:lib\generated\intl\messages_en.dart
DA:16,6
DA:21,0
DA:24,4
DA:26,2
DA:27,2
DA:28,2
DA:29,2
DA:30,2
DA:31,2
DA:32,2
DA:33,2
DA:34,2
DA:35,2
DA:36,2
DA:37,2
DA:38,2
DA:39,2
DA:41,2
LF:18
LH:17
end_of_record
SF:lib\generated\intl\messages_ru_RU.dart
DA:16,0
DA:21,0
DA:24,0
DA:26,0
DA:27,0
DA:28,0
DA:29,0
DA:30,0
DA:31,0
DA:32,0
DA:33,0
DA:34,0
DA:35,0
DA:36,0
DA:37,0
DA:38,0
DA:39,0
DA:41,0
LF:18
LH:0
end_of_record
SF:lib\generated\l10n.dart
DA:16,2
DA:20,0
DA:21,0
DA:28,2
DA:29,4
DA:30,0
DA:31,2
DA:32,2
DA:33,6
DA:34,2
DA:35,2
DA:42,2
DA:43,2
DA:44,2
DA:49,2
DA:50,2
DA:54,1
DA:55,1
DA:59,1
DA:64,1
DA:65,1
DA:69,1
DA:74,1
DA:75,1
DA:79,1
DA:84,1
DA:85,1
DA:89,1
DA:94,1
DA:95,1
DA:99,1
DA:104,1
DA:105,1
DA:109,1
DA:114,1
DA:115,1
DA:119,1
DA:124,1
DA:125,1
DA:129,1
DA:134,1
DA:135,1
DA:139,1
DA:144,1
DA:145,1
DA:149,1
DA:154,1
DA:155,1
DA:159,1
DA:164,1
DA:165,1
DA:169,1
DA:174,0
DA:175,0
DA:179,0
DA:184,1
DA:185,1
DA:189,1
DA:194,1
DA:195,1
DA:199,1
DA:205,4
DA:207,2
DA:214,2
DA:215,2
DA:216,2
DA:217,2
DA:218,0
DA:221,2
DA:222,4
DA:223,6
LF:71
LH:64
end_of_record
SF:lib\presentation\bloc\todos\todos_bloc.dart
DA:29,6
DA:30,6
DA:31,6
DA:32,6
DA:33,6
DA:34,6
DA:35,6
DA:40,2
DA:41,10
DA:42,2
DA:43,4
DA:45,2
DA:49,4
DA:50,4
DA:51,4
DA:52,2
DA:53,2
DA:57,2
DA:61,4
DA:63,6
DA:64,6
DA:65,2
DA:69,4
DA:71,2
DA:74,2
DA:75,1
DA:76,2
DA:77,1
DA:79,0
DA:80,0
DA:81,0
DA:82,0
DA:83,0
DA:84,0
DA:85,0
DA:90,12
DA:91,4
DA:93,4
DA:94,4
DA:96,2
DA:97,2
DA:100,4
DA:103,2
DA:107,4
DA:109,14
DA:110,4
DA:111,4
DA:112,2
DA:113,2
DA:114,2
DA:117,8
DA:120,2
DA:124,4
DA:127,2
DA:129,2
DA:130,2
DA:131,2
DA:132,2
DA:133,2
DA:134,2
DA:135,0
DA:138,2
DA:139,4
DA:140,4
DA:141,2
DA:142,2
DA:145,4
DA:146,4
DA:147,4
DA:149,2
DA:150,2
DA:153,4
DA:156,1
DA:157,1
DA:158,1
DA:159,2
DA:160,1
DA:161,1
DA:165,1
DA:166,1
DA:167,1
DA:168,2
DA:169,1
DA:174,6
DA:176,2
DA:177,2
DA:178,2
DA:181,2
DA:182,2
DA:183,1
DA:184,0
DA:187,2
DA:188,2
DA:189,0
LF:94
LH:84
end_of_record
SF:lib\presentation\navigation\navigation_state_dto.dart
DA:7,0
DA:8,0
DA:12,0
DA:16,0
LF:4
LH:0
end_of_record
SF:lib\presentation\navigation\navigation_state.dart
DA:8,0
DA:10,0
DA:11,0
DA:12,0
DA:14,0
DA:15,0
DA:16,0
DA:19,0
DA:20,0
DA:21,0
DA:24,0
DA:25,0
DA:26,0
DA:29,0
DA:30,0
LF:15
LH:0
end_of_record
SF:lib\presentation\navigation\transition_delegate.dart
DA:4,0
DA:12,0
DA:14,0
DA:15,0
DA:16,0
DA:17,0
DA:19,0
DA:22,0
DA:23,0
DA:24,0
DA:25,0
DA:27,0
DA:29,0
DA:30,0
DA:31,0
DA:35,0
LF:16
LH:0
end_of_record
SF:lib\presentation\navigation\provider.dart
DA:6,0
DA:7,0
DA:8,0
DA:9,0
DA:11,0
DA:13,0
DA:14,0
DA:17,0
DA:19,0
DA:20,0
DA:23,0
DA:25,0
DA:26,0
LF:13
LH:0
end_of_record
SF:lib\presentation\navigation\parser.dart
DA:7,0
DA:10,0
DA:11,0
DA:13,0
DA:14,0
DA:15,0
DA:18,0
DA:19,0
DA:20,0
DA:21,0
DA:22,0
DA:23,0
DA:24,0
DA:26,0
DA:30,0
DA:32,0
DA:35,0
DA:38,0
DA:39,0
DA:40,0
LF:20
LH:0
end_of_record
SF:lib\presentation\navigation\todos_router_delegate.dart
DA:13,0
DA:14,0
DA:15,0
DA:16,0
DA:17,0
DA:19,0
DA:20,0
DA:21,0
DA:22,0
DA:23,0
DA:24,0
DA:25,0
DA:28,0
DA:29,0
DA:30,0
DA:31,0
DA:32,0
DA:33,0
DA:34,0
DA:37,0
DA:38,0
DA:39,0
DA:40,0
DA:41,0
DA:42,0
DA:43,0
DA:46,0
DA:48,0
DA:49,0
DA:50,0
DA:51,0
DA:52,0
DA:55,0
DA:56,0
DA:58,0
DA:59,0
DA:60,0
DA:61,0
DA:62,0
DA:69,0
DA:71,0
DA:73,0
DA:74,0
DA:76,0
DA:78,0
DA:79,0
DA:80,0
DA:81,0
DA:82,0
DA:89,0
DA:91,0
DA:92,0
DA:93,0
LF:53
LH:0
end_of_record
SF:lib\presentation\navigation\transitioned_page.dart
DA:6,0
DA:8,0
DA:10,0
DA:12,0
DA:13,0
DA:18,0
DA:19,0
DA:25,0
DA:26,0
DA:28,0
DA:29,0
DA:30,0
DA:31,0
LF:13
LH:0
end_of_record
SF:lib\presentation\pages\todos\app_bar.dart
DA:4,4
DA:6,0
DA:8,1
DA:9,1
DA:27,1
DA:29,1
DA:30,1
DA:31,2
DA:32,4
DA:33,0
DA:34,4
DA:35,4
DA:37,1
DA:38,2
DA:44,2
DA:46,4
DA:47,2
DA:49,1
DA:50,3
DA:51,1
DA:52,3
DA:53,1
DA:55,1
DA:56,1
DA:57,1
DA:58,1
DA:59,1
DA:72,1
DA:73,7
DA:75,0
DA:77,1
DA:78,2
DA:79,5
DA:86,1
DA:91,1
DA:93,1
DA:95,1
DA:96,5
DA:97,4
DA:98,1
DA:99,1
DA:100,1
DA:102,1
DA:104,1
DA:105,2
DA:106,4
DA:107,4
DA:112,1
DA:113,1
DA:114,1
DA:115,2
DA:116,2
DA:117,1
DA:118,1
DA:122,1
DA:123,5
DA:124,1
DA:125,1
DA:126,1
DA:127,2
DA:138,4
DA:140,1
DA:141,1
DA:147,1
DA:149,1
DA:150,1
DA:151,2
DA:152,2
DA:153,2
DA:154,2
DA:155,2
DA:156,2
DA:159,1
DA:160,2
DA:161,2
DA:163,1
DA:164,2
DA:165,0
DA:166,0
DA:167,0
DA:169,0
DA:170,0
LF:82
LH:74
end_of_record
SF:lib\presentation\pages\todos\input_item.dart
DA:4,4
DA:6,1
DA:7,1
DA:16,1
DA:18,1
DA:19,2
DA:22,0
DA:24,0
DA:25,0
DA:26,0
DA:27,0
DA:31,1
DA:33,2
DA:34,2
DA:35,2
DA:36,1
DA:39,1
DA:41,1
DA:42,1
DA:43,1
DA:44,1
DA:45,0
DA:46,0
DA:47,0
DA:50,1
DA:53,1
DA:54,1
DA:55,4
DA:58,1
DA:59,1
DA:60,1
DA:61,1
DA:62,2
DA:63,4
DA:64,4
DA:66,4
DA:67,4
DA:68,2
DA:77,1
DA:83,1
DA:88,1
DA:89,2
DA:91,1
DA:92,3
DA:93,3
DA:94,1
DA:95,2
LF:47
LH:39
end_of_record
SF:lib\presentation\pages\todos\todos_list.dart
DA:7,1
DA:12,1
DA:14,1
DA:15,1
DA:22,2
DA:27,1
DA:29,1
DA:30,4
DA:33,1
DA:35,2
DA:36,1
DA:39,1
DA:41,1
DA:42,1
DA:43,1
DA:50,1
DA:51,1
DA:52,3
DA:53,1
DA:54,3
DA:55,1
DA:56,3
DA:61,1
DA:62,2
DA:63,4
DA:65,1
DA:66,2
DA:67,2
DA:76,1
DA:77,1
DA:78,0
DA:79,1
DA:80,1
DA:81,1
DA:83,1
DA:85,1
DA:86,1
DA:88,0
DA:90,0
DA:91,0
DA:96,1
DA:98,1
DA:99,1
DA:100,2
DA:101,2
DA:102,2
DA:104,1
DA:109,1
DA:115,0
DA:116,0
DA:119,1
DA:122,1
DA:123,6
DA:124,2
DA:126,3
DA:128,1
DA:129,1
DA:134,1
DA:135,1
DA:136,1
DA:137,1
DA:140,1
DA:141,2
DA:143,2
DA:144,5
DA:145,6
DA:146,2
DA:147,2
DA:149,3
DA:151,1
DA:152,1
DA:154,1
DA:156,2
DA:166,1
DA:167,2
DA:168,6
DA:169,5
DA:171,2
DA:172,3
DA:177,1
DA:178,2
DA:180,2
DA:181,6
DA:183,0
DA:184,0
DA:185,0
DA:198,1
DA:207,1
DA:209,1
DA:211,1
DA:212,1
DA:213,1
DA:214,1
DA:215,1
DA:218,1
DA:219,1
DA:220,1
DA:222,2
DA:232,1
DA:238,1
DA:240,1
DA:242,2
DA:243,1
DA:245,1
DA:246,1
DA:247,4
DA:248,1
DA:250,4
DA:252,1
DA:253,1
DA:254,1
DA:260,3
LF:112
LH:103
end_of_record
SF:lib\presentation\pages\todos\todos_page.dart
DA:16,5
DA:18,0
DA:20,1
DA:21,1
DA:27,1
DA:29,1
DA:30,3
DA:33,1
DA:35,2
DA:36,1
DA:39,1
DA:41,1
DA:43,1
DA:45,1
DA:47,0
DA:48,0
DA:49,0
DA:53,1
DA:55,1
DA:56,1
DA:57,1
DA:58,1
DA:59,1
DA:61,1
DA:62,1
DA:64,1
DA:65,1
DA:66,1
DA:67,1
DA:68,1
DA:69,2
DA:71,1
DA:72,1
DA:73,3
DA:83,3
DA:84,0
DA:86,0
DA:88,0
DA:89,0
DA:90,0
DA:91,0
DA:100,1
DA:101,1
DA:102,1
DA:108,1
DA:110,1
DA:111,1
LF:47
LH:37
end_of_record
SF:lib\presentation\pages\todo_settings\widgets\close_button.dart
DA:4,4
DA:6,1
DA:8,1
DA:9,1
DA:10,1
DA:11,1
DA:13,1
DA:15,0
DA:16,0
DA:17,0
LF:10
LH:7
end_of_record
SF:lib\presentation\pages\todo_settings\widgets\text_input.dart
DA:10,1
DA:18,2
DA:19,1
DA:21,1
DA:22,1
DA:29,1
DA:31,1
DA:32,2
DA:33,0
DA:34,0
DA:36,0
DA:41,1
DA:43,2
DA:44,2
DA:45,1
DA:48,1
DA:50,1
DA:52,1
DA:53,1
DA:54,2
DA:55,3
DA:58,1
DA:59,1
DA:61,1
DA:62,3
DA:66,1
DA:67,1
DA:68,1
DA:69,4
DA:70,1
DA:71,4
DA:72,4
DA:76,1
DA:78,2
DA:79,1
DA:80,1
DA:81,1
DA:82,4
DA:83,4
DA:86,1
DA:87,3
DA:96,1
LF:42
LH:39
end_of_record
SF:lib\presentation\pages\todo_settings\widgets\deadline.dart
DA:6,1
DA:10,1
DA:12,1
DA:13,1
DA:21,1
DA:23,1
DA:25,2
DA:26,0
DA:27,0
DA:28,0
DA:29,0
DA:30,0
DA:31,0
DA:35,1
DA:37,1
DA:38,1
DA:39,1
DA:41,1
DA:42,1
DA:43,2
DA:44,3
DA:46,2
DA:47,1
DA:48,1
DA:49,1
DA:50,4
DA:57,1
DA:58,1
DA:59,4
DA:61,4
DA:62,1
DA:64,1
DA:66,0
DA:67,0
DA:68,0
DA:69,0
DA:70,0
DA:79,1
DA:80,1
DA:81,1
DA:82,1
DA:83,6
DA:85,1
DA:86,1
DA:87,1
DA:89,2
DA:90,2
DA:91,1
DA:92,4
DA:93,1
DA:94,4
DA:97,0
DA:98,0
LF:53
LH:40
end_of_record
SF:lib\presentation\pages\todo_settings\todo_settings_page.dart
DA:20,1
DA:24,0
DA:25,0
DA:27,1
DA:28,1
DA:37,1
DA:44,1
DA:46,0
DA:47,0
DA:50,1
DA:52,3
DA:53,3
DA:54,3
DA:65,1
DA:67,1
DA:69,2
DA:70,1
DA:72,0
DA:73,0
DA:74,0
DA:78,1
DA:79,2
DA:80,0
DA:81,0
DA:84,1
DA:85,2
DA:86,1
DA:91,0
DA:92,0
DA:93,0
DA:94,0
DA:95,0
DA:96,0
DA:100,1
DA:102,1
DA:103,1
DA:104,1
DA:105,1
DA:106,1
DA:107,1
DA:108,1
DA:109,1
DA:110,1
DA:111,1
DA:112,1
DA:113,1
DA:114,1
DA:115,1
DA:118,1
DA:119,1
DA:121,1
DA:122,1
DA:123,1
DA:124,1
DA:125,2
DA:126,1
DA:129,1
DA:130,2
DA:131,1
DA:134,1
DA:135,2
DA:136,1
DA:139,1
DA:140,2
DA:141,1
DA:149,0
DA:150,0
DA:151,0
DA:163,1
DA:166,1
DA:168,1
DA:170,1
DA:171,2
DA:176,1
DA:178,1
DA:180,1
DA:181,1
DA:184,1
DA:186,0
DA:196,0
DA:197,0
DA:198,0
DA:199,0
DA:200,0
DA:201,0
DA:202,0
DA:204,0
DA:205,0
DA:211,0
DA:212,0
DA:213,0
DA:214,0
DA:215,0
DA:217,0
DA:218,0
DA:232,1
DA:240,1
DA:242,1
DA:244,1
DA:246,1
DA:248,1
DA:249,1
DA:251,2
DA:252,2
DA:253,1
DA:254,1
DA:258,1
DA:259,1
DA:260,1
DA:263,1
DA:264,1
DA:265,1
DA:268,1
DA:270,2
DA:271,2
DA:272,1
DA:273,1
DA:277,1
DA:278,1
LF:119
LH:84
end_of_record
SF:lib\presentation\pages\todo_settings\widgets\delete_button.dart
DA:5,1
DA:8,1
DA:10,1
DA:11,1
DA:17,1
DA:19,2
DA:20,4
DA:21,1
DA:22,1
DA:23,1
DA:24,1
DA:25,2
DA:26,1
DA:27,2
DA:28,5
DA:33,0
DA:34,0
DA:35,0
DA:36,0
DA:37,0
DA:42,0
DA:43,0
LF:22
LH:15
end_of_record
SF:lib\presentation\pages\todo_settings\widgets\save_button.dart
DA:5,1
DA:8,1
DA:10,1
DA:12,1
DA:13,0
DA:14,0
DA:15,0
DA:16,0
DA:18,4
LF:9
LH:5
end_of_record
SF:lib\presentation\pages\todo_settings\widgets\importance.dart
DA:6,1
DA:10,1
DA:12,1
DA:13,1
DA:21,1
DA:23,1
DA:25,2
DA:26,0
DA:30,1
DA:32,1
DA:34,2
DA:35,3
DA:36,3
DA:37,3
DA:41,1
DA:43,1
DA:46,1
DA:47,1
DA:49,1
DA:56,3
DA:57,4
DA:58,1
DA:60,1
DA:62,1
DA:63,1
DA:64,2
DA:65,4
DA:66,3
DA:70,1
DA:71,3
DA:72,4
DA:74,4
DA:79,4
DA:80,1
DA:81,3
DA:82,3
DA:83,1
DA:84,2
DA:85,1
DA:86,1
DA:87,4
DA:88,4
DA:92,1
DA:93,1
DA:94,2
DA:95,4
DA:96,5
DA:98,4
LF:48
LH:47
end_of_record
SF:lib\presentation\pages\todos\todos_item\widgets\item_info_button.dart
DA:5,2
DA:7,1
DA:9,1
DA:13,1
DA:15,4
DA:17,0
DA:18,0
DA:19,0
LF:8
LH:5
end_of_record
SF:lib\presentation\pages\todos\todos_item\widgets\item_content.dart
DA:5,1
DA:8,1
DA:10,1
DA:11,1
DA:38,1
DA:40,1
DA:41,1
DA:42,1
DA:43,3
DA:44,4
DA:45,3
DA:46,0
DA:47,4
DA:48,3
DA:54,2
DA:55,2
DA:56,1
DA:58,1
DA:59,1
DA:60,1
DA:63,1
DA:64,3
DA:65,0
DA:67,0
DA:69,1
DA:70,1
DA:71,1
DA:72,2
DA:75,1
DA:76,1
DA:77,1
DA:78,1
DA:80,1
DA:81,1
DA:82,2
DA:84,1
DA:86,4
DA:87,3
DA:88,1
DA:89,5
DA:91,4
DA:97,1
DA:98,1
DA:99,1
DA:100,2
DA:110,1
DA:111,7
DA:113,1
DA:114,7
DA:116,1
DA:117,2
DA:118,3
DA:119,2
DA:121,1
DA:122,1
DA:127,1
DA:128,1
DA:130,3
DA:131,3
DA:132,2
DA:135,4
DA:136,5
LF:62
LH:59
end_of_record
SF:lib\presentation\pages\todos\todos_item\todos_item.dart
DA:21,1
DA:25,1
DA:27,1
DA:28,1
DA:34,1
DA:36,2
DA:37,1
DA:40,1
DA:42,1
DA:43,1
DA:44,1
DA:46,1
DA:47,4
DA:49,2
DA:50,1
DA:51,1
DA:52,2
DA:55,4
DA:57,1
DA:58,1
DA:59,2
DA:62,4
DA:64,1
DA:65,2
DA:67,1
DA:68,1
DA:69,3
DA:71,0
DA:72,0
DA:76,1
DA:77,1
DA:78,0
DA:79,0
DA:80,0
DA:87,1
DA:88,7
DA:96,1
DA:97,4
DA:98,2
DA:103,0
DA:104,0
DA:105,0
LF:42
LH:34
end_of_record
SF:lib\presentation\pages\todos\todos_item\widgets\value_listenable_background.dart
DA:11,1
DA:19,2
DA:20,1
DA:22,1
DA:24,1
DA:28,1
DA:30,1
DA:31,2
DA:32,1
DA:33,1
DA:34,1
DA:35,1
DA:37,2
DA:38,1
DA:39,5
DA:40,2
DA:42,4
DA:43,1
DA:45,2
DA:46,1
DA:47,1
DA:49,2
DA:50,2
DA:51,2
DA:52,2
DA:54,1
DA:55,2
DA:56,4
DA:64,1
DA:65,2
DA:77,1
DA:85,1
DA:87,1
DA:88,5
DA:89,1
DA:90,2
DA:91,1
DA:92,4
DA:94,6
DA:95,2
DA:96,1
DA:97,1
DA:100,1
DA:102,1
LF:44
LH:44
end_of_record
SF:lib\presentation\pages\todos\todos_item\widgets\item_checkbox.dart
DA:5,1
DA:8,1
DA:10,1
DA:11,1
DA:15,1
DA:17,1
DA:18,4
DA:19,0
DA:23,1
DA:24,3
DA:25,0
DA:26,0
DA:27,4
DA:28,0
DA:29,0
DA:31,3
DA:32,1
DA:33,2
DA:34,1
DA:35,2
LF:20
LH:15
end_of_record
SF:lib\presentation\pages\todos\todos_item\widgets\item_text.dart
DA:7,1
DA:12,1
DA:14,1
DA:15,1
DA:22,1
DA:24,1
DA:25,3
DA:28,1
DA:30,1
DA:32,1
DA:33,1
DA:36,1
DA:37,1
DA:38,1
DA:39,2
DA:40,1
DA:41,1
DA:42,2
DA:43,2
DA:47,2
DA:50,1
DA:51,3
DA:54,1
DA:55,1
DA:56,4
DA:57,0
DA:58,0
DA:59,2
DA:64,3
DA:65,0
DA:67,0
DA:68,0
DA:69,0
DA:70,0
DA:72,0
DA:73,0
DA:81,1
DA:83,1
DA:86,1
DA:87,2
DA:88,1
DA:91,1
DA:92,1
DA:95,1
DA:96,1
DA:102,0
DA:103,0
DA:105,0
DA:106,0
DA:109,0
DA:110,0
DA:111,0
DA:112,0
LF:53
LH:36
end_of_record
SF:lib\presentation\pages\todos\todos_item\widgets\custom_dismissible.dart
DA:13,1
DA:23,1
DA:27,1
DA:29,2
DA:30,6
DA:32,3
DA:35,1
DA:37,3
DA:54,1
DA:65,1
DA:67,1
DA:68,1
DA:85,1
DA:88,1
DA:90,1
DA:91,2
DA:93,4
DA:96,1
DA:97,4
DA:98,1
DA:99,0
DA:102,2
DA:107,2
DA:108,2
DA:111,2
DA:115,2
DA:116,1
DA:117,2
DA:118,1
DA:119,1
DA:120,1
DA:124,2
DA:127,1
DA:129,1
DA:130,2
DA:131,4
DA:132,3
DA:134,1
DA:136,1
DA:137,1
DA:138,1
DA:139,2
DA:140,2
DA:141,0
DA:142,2
DA:143,2
DA:144,1
DA:147,1
DA:148,2
DA:149,2
DA:154,4
DA:155,1
DA:156,1
DA:162,1
DA:164,0
DA:165,1
DA:166,2
DA:167,1
DA:168,2
DA:174,1
DA:175,4
DA:176,2
DA:177,2
DA:178,0
DA:179,0
DA:181,4
DA:182,5
DA:183,0
DA:184,4
DA:185,0
DA:191,1
DA:192,4
DA:193,5
DA:194,3
DA:195,0
DA:199,3
DA:200,0
DA:205,3
DA:206,0
DA:208,0
DA:209,0
DA:212,0
DA:217,4
DA:218,1
DA:220,4
DA:221,2
DA:228,0
DA:232,0
DA:233,0
DA:234,0
DA:235,0
DA:236,0
DA:237,0
DA:238,0
DA:239,0
DA:240,0
DA:244,1
DA:252,1
DA:253,1
DA:254,2
DA:255,1
DA:256,3
DA:261,1
DA:262,1
DA:263,1
DA:265,1
DA:268,3
DA:269,1
DA:272,2
DA:279,1
DA:284,2
DA:285,2
DA:287,1
DA:289,4
DA:290,1
DA:292,1
DA:293,0
DA:298,1
DA:302,4
DA:303,2
DA:304,2
DA:307,2
DA:308,1
DA:312,1
DA:313,1
DA:314,2
DA:317,1
DA:321,1
DA:322,0
DA:323,0
DA:324,0
DA:327,1
DA:328,1
DA:329,2
DA:330,1
DA:331,1
DA:332,4
DA:333,1
DA:335,1
DA:337,0
DA:344,1
DA:345,2
DA:346,4
DA:352,1
DA:353,5
DA:355,3
DA:357,2
DA:361,1
DA:363,2
DA:364,2
DA:365,1
LF:151
LH:123
end_of_record
SF:lib\presentation\shared\app_bar_hider.dart
DA:7,2
DA:10,4
DA:11,2
DA:13,2
DA:14,2
DA:20,2
DA:22,2
DA:23,4
DA:25,10
DA:26,2
DA:30,2
DA:32,2
DA:34,10
DA:35,8
DA:36,6
DA:39,8
DA:42,0
DA:44,0
DA:45,0
DA:46,0
DA:47,0
DA:50,0
DA:51,0
DA:54,2
DA:56,4
DA:57,2
DA:60,2
DA:62,4
DA:65,2
DA:66,8
DA:67,4
DA:68,6
DA:70,6
LF:33
LH:26
end_of_record
SF:lib\presentation\ui\custom_icons.dart
DA:19,0
LF:1
LH:0
end_of_record
SF:lib\presentation\ui\theme\app_theme.dart
DA:26,3
DA:38,6
DA:39,3
DA:43,3
DA:44,3
DA:46,3
DA:47,6
DA:49,3
DA:54,3
DA:55,6
DA:56,3
DA:59,3
DA:60,3
DA:61,3
DA:62,3
DA:64,3
DA:65,3
DA:67,3
DA:68,3
DA:69,6
DA:70,6
DA:73,6
DA:77,4
DA:89,3
DA:95,2
DA:100,0
DA:105,2
DA:111,1
LF:28
LH:27
end_of_record
SF:lib\presentation\ui\theme\dark_theme.dart
DA:6,1
DA:7,1
LF:2
LH:2
end_of_record
SF:lib\presentation\ui\theme\light_theme.dart
DA:6,3
DA:7,3
LF:2
LH:2
end_of_record
SF:lib\application\services\fake_config_service.dart
DA:9,1
DA:14,0
DA:16,0
DA:20,0
DA:23,0
DA:26,0
DA:27,0
LF:7
LH:1
end_of_record
