SF:lib\flavor_config.dart
DA:7,2
DA:11,2
DA:16,2
DA:21,1
DA:23,1
DA:24,1
DA:28,0
LF:7
LH:6
end_of_record
SF:lib\firebase_options.dart
DA:18,0
DA:22,0
DA:23,0
DA:25,0
DA:26,0
DA:30,0
DA:31,0
DA:35,0
DA:36,0
DA:40,0
DA:41,0
DA:46,0
LF:12
LH:0
end_of_record
SF:lib\application\extension.dart
DA:6,0
DA:7,0
DA:8,0
DA:9,0
DA:11,0
DA:12,0
DA:19,2
DA:21,2
DA:23,1
DA:25,1
DA:27,1
DA:29,1
DA:32,0
DA:36,1
DA:38,1
DA:40,1
DA:42,1
DA:44,1
DA:46,1
DA:49,0
DA:53,3
DA:61,1
DA:62,3
LF:23
LH:15
end_of_record
SF:lib\application\get_it\get_it_service_locator.dart
DA:6,6
DA:9,2
DA:15,2
DA:16,4
LF:4
LH:4
end_of_record
SF:lib\application\get_it\get_it_service_locator.config.dart
DA:33,2
DA:38,2
DA:44,4
DA:45,4
DA:46,4
DA:48,2
DA:49,2
DA:50,2
DA:51,2
DA:53,2
DA:54,2
DA:55,2
DA:57,2
DA:58,2
DA:59,2
DA:61,2
DA:62,2
DA:63,2
DA:66,2
DA:67,0
DA:68,0
DA:69,0
DA:71,0
DA:72,0
DA:73,0
DA:75,0
DA:76,0
DA:77,0
DA:79,0
DA:80,0
DA:81,0
DA:84,4
DA:85,6
LF:33
LH:21
end_of_record
SF:lib\application\services\fake_config_service.dart
DA:9,1
DA:14,0
DA:16,0
DA:20,0
DA:23,0
DA:26,0
DA:27,0
LF:7
LH:1
end_of_record
SF:lib\application\services\remote_config_service.dart
DA:14,0
DA:15,0
DA:21,0
DA:22,0
DA:25,0
DA:26,0
DA:28,0
DA:31,0
DA:32,0
DA:33,0
DA:37,0
DA:38,0
LF:12
LH:0
end_of_record
SF:lib\data\api\todos_api.dart
DA:18,0
DA:20,0
DA:22,0
DA:23,0
DA:33,0
DA:34,0
DA:37,0
DA:40,0
DA:42,0
DA:46,0
DA:49,0
DA:51,0
DA:55,0
DA:58,0
DA:59,0
DA:63,0
DA:66,0
DA:67,0
DA:71,0
DA:74,0
DA:76,0
DA:83,0
DA:84,0
DA:86,0
DA:88,0
DA:91,0
DA:94,0
DA:95,0
DA:97,0
DA:99,0
DA:102,0
DA:104,0
DA:107,0
DA:109,0
DA:112,0
DA:114,0
DA:117,0
DA:119,0
LF:38
LH:0
end_of_record
SF:lib\data\api\yandex_api.dart
DA:6,0
DA:7,0
DA:12,0
DA:13,0
DA:15,0
DA:16,0
DA:17,0
LF:7
LH:0
end_of_record
SF:lib\data\repositories\auth_repository\auth_repository.dart
DA:23,0
DA:24,0
DA:26,0
DA:27,0
DA:29,0
DA:31,0
DA:32,0
DA:33,0
DA:34,0
DA:35,0
DA:38,0
DA:41,0
DA:43,0
DA:44,0
DA:45,0
DA:48,0
DA:50,0
DA:53,0
DA:55,0
DA:61,0
DA:64,1
DA:67,0
DA:70,0
DA:73,0
DA:78,0
LF:25
LH:1
end_of_record
SF:lib\data\repositories\todos_repository\fake_todos_repsitory.dart
DA:19,3
DA:20,3
DA:22,3
DA:24,9
DA:25,3
DA:26,3
DA:27,3
DA:28,12
DA:29,3
DA:30,12
DA:35,9
DA:36,9
DA:37,3
DA:42,2
DA:44,4
DA:47,2
DA:49,12
DA:50,4
DA:53,0
DA:55,0
DA:56,0
DA:57,0
DA:62,2
DA:64,2
DA:67,2
DA:69,10
DA:72,0
DA:74,0
LF:28
LH:22
end_of_record
SF:lib\data\repositories\todos_repository\todos_repository.dart
DA:25,0
DA:26,0
DA:28,0
DA:30,0
DA:31,0
DA:32,0
DA:36,0
DA:39,0
DA:40,0
DA:42,0
DA:46,0
DA:49,0
DA:50,0
DA:52,0
DA:54,0
DA:57,0
DA:60,0
DA:61,0
DA:63,0
DA:67,0
DA:71,0
DA:73,0
DA:75,0
DA:76,0
DA:77,0
DA:78,0
DA:80,0
DA:83,0
DA:87,0
DA:90,0
DA:93,0
DA:94,0
DA:96,0
DA:98,0
DA:101,0
DA:103,0
DA:105,0
DA:106,0
DA:107,0
DA:110,0
DA:111,0
DA:114,0
DA:119,0
DA:123,0
LF:44
LH:0
end_of_record
SF:lib\presentation\bloc\todos\todos_bloc.dart
DA:30,6
DA:31,6
DA:32,6
DA:33,6
DA:34,6
DA:35,6
DA:36,6
DA:41,2
DA:42,10
DA:43,2
DA:44,4
DA:46,2
DA:50,2
DA:51,4
DA:52,4
DA:53,4
DA:54,2
DA:55,2
DA:59,2
DA:63,4
DA:65,6
DA:66,8
DA:70,2
DA:71,0
DA:73,4
DA:75,2
DA:78,2
DA:79,1
DA:80,2
DA:81,1
DA:83,0
DA:84,0
DA:85,0
DA:86,0
DA:87,0
DA:89,0
DA:90,0
DA:94,12
DA:95,4
DA:97,4
DA:98,4
DA:100,2
DA:101,2
DA:104,4
DA:107,2
DA:111,4
DA:113,14
DA:114,4
DA:115,4
DA:116,2
DA:117,2
DA:118,2
DA:121,8
DA:124,2
DA:128,4
DA:131,2
DA:132,2
DA:133,0
DA:135,2
DA:136,2
DA:137,2
DA:138,2
DA:139,2
DA:142,2
DA:143,6
DA:144,6
DA:145,4
DA:148,4
DA:149,4
DA:150,4
DA:152,2
DA:153,2
DA:156,6
DA:159,1
DA:160,1
DA:161,1
DA:162,2
DA:163,1
DA:164,1
DA:168,1
DA:169,1
DA:170,1
DA:171,2
DA:172,1
DA:177,6
DA:179,2
DA:180,2
DA:181,2
DA:184,2
DA:185,2
DA:186,1
DA:187,0
DA:190,2
DA:191,2
DA:192,0
LF:95
LH:84
end_of_record
SF:lib\presentation\pages\login\auth_bloc\auth_bloc.dart
DA:42,4
DA:43,4
DA:44,4
DA:45,2
DA:46,0
DA:47,0
DA:48,0
DA:51,2
DA:52,0
DA:53,0
DA:54,0
DA:59,0
DA:60,0
DA:61,0
DA:62,0
DA:65,0
DA:66,0
DA:67,0
DA:75,0
DA:76,0
DA:77,0
DA:80,0
DA:81,0
DA:83,0
DA:84,0
DA:85,0
DA:89,0
DA:90,0
DA:91,0
DA:92,0
DA:93,0
DA:95,0
DA:97,0
DA:99,0
DA:104,0
DA:105,0
LF:36
LH:5
end_of_record
SF:lib\presentation\ui\app_bar\bloc\app_bar_bloc.dart
DA:18,4
DA:19,4
DA:20,4
DA:23,2
DA:24,2
DA:25,4
DA:28,2
DA:29,2
DA:30,4
LF:9
LH:9
end_of_record
SF:lib\presentation\ui\theme\bloc\theme_bloc.dart
DA:21,6
DA:22,4
DA:23,4
DA:24,4
DA:27,0
DA:28,0
DA:29,0
DA:32,0
DA:33,0
DA:34,0
DA:37,0
DA:38,0
DA:39,0
DA:41,0
DA:44,0
LF:15
LH:4
end_of_record
SF:lib\application\getters\device_id.dart
DA:4,0
DA:5,0
DA:6,0
DA:7,0
DA:8,0
DA:9,0
DA:10,0
DA:11,0
LF:8
LH:0
end_of_record
SF:lib\data\models\element_transaction\element_transaction.dart
DA:14,0
DA:15,0
LF:2
LH:0
end_of_record
SF:lib\data\models\element_transaction\element_transaction.g.dart
DA:9,0
DA:11,0
DA:12,0
DA:14,0
DA:15,0
DA:18,0
DA:20,0
DA:21,0
DA:22,0
LF:9
LH:0
end_of_record
SF:lib\data\models\list_transaction\list_transaction.dart
DA:14,0
DA:15,0
LF:2
LH:0
end_of_record
SF:lib\data\models\list_transaction\list_transaction.g.dart
DA:9,0
DA:10,0
DA:11,0
DA:12,0
DA:13,0
DA:14,0
DA:17,0
DA:18,0
DA:19,0
DA:20,0
LF:10
LH:0
end_of_record
SF:lib\data\repositories\todos_repository\todos_local_repository.dart
DA:11,0
DA:13,0
DA:14,0
DA:18,0
DA:20,0
DA:23,0
DA:25,0
DA:28,0
DA:30,0
DA:33,0
DA:35,0
DA:38,0
DA:40,0
DA:41,0
DA:42,0
LF:15
LH:0
end_of_record
SF:lib\data\repositories\todos_repository\todos_remote_repository.dart
DA:13,0
DA:14,0
DA:16,0
DA:17,0
DA:18,0
DA:21,0
DA:22,0
DA:23,0
DA:26,0
DA:28,0
DA:29,0
DA:31,0
DA:35,0
DA:38,0
DA:40,0
DA:41,0
DA:43,0
DA:47,0
DA:50,0
DA:52,0
DA:53,0
DA:55,0
DA:57,0
DA:60,0
DA:62,0
DA:64,0
DA:67,0
DA:69,0
DA:71,0
DA:72,0
DA:75,0
DA:77,0
DA:78,0
DA:80,0
DA:84,0
LF:35
LH:0
end_of_record
SF:lib\domain\models\todo\todo.g.dart
DA:13,0
DA:15,0
DA:16,0
DA:17,0
DA:19,0
DA:20,0
DA:21,0
DA:22,0
DA:23,0
DA:24,0
DA:25,0
DA:26,0
DA:27,0
DA:28,0
DA:29,0
DA:33,0
DA:36,0
DA:37,0
DA:38,0
DA:39,0
DA:40,0
DA:41,0
DA:42,0
DA:43,0
DA:44,0
DA:45,0
DA:46,0
DA:47,0
DA:48,0
DA:49,0
DA:50,0
DA:51,0
DA:52,0
DA:53,0
DA:54,0
DA:55,0
DA:56,0
DA:59,0
DA:60,0
DA:62,0
DA:65,0
DA:66,0
DA:67,0
DA:74,0
DA:76,0
DA:77,0
DA:79,0
DA:81,0
DA:88,0
DA:91,0
DA:92,0
DA:94,0
DA:95,0
DA:97,0
DA:98,0
DA:103,0
DA:104,0
DA:106,0
DA:109,0
DA:110,0
DA:111,0
DA:118,0
DA:120,0
DA:121,0
DA:123,0
DA:125,0
DA:127,0
DA:129,0
DA:136,0
DA:139,0
DA:140,0
DA:142,0
DA:143,0
DA:145,0
DA:146,0
DA:148,0
DA:149,0
DA:151,0
DA:152,0
DA:157,0
DA:158,0
DA:160,0
DA:163,0
DA:164,0
DA:165,0
DA:172,0
DA:173,0
DA:174,0
DA:175,0
DA:176,0
DA:177,0
DA:178,0
DA:179,0
DA:180,0
DA:181,0
DA:182,0
DA:183,0
DA:184,0
DA:187,0
DA:188,0
DA:189,0
DA:190,0
DA:191,0
DA:192,0
DA:193,0
DA:194,0
DA:195,0
DA:196,0
DA:197,0
LF:109
LH:0
end_of_record
SF:lib\domain\models\todo\todo.dart
DA:55,0
LF:1
LH:0
end_of_record
SF:lib\domain\models\user\user.g.dart
DA:13,0
DA:15,0
DA:16,0
DA:17,0
DA:19,0
DA:20,0
DA:21,0
DA:22,0
DA:23,0
DA:24,0
DA:25,0
DA:26,0
DA:27,0
DA:31,0
DA:34,0
DA:35,0
DA:36,0
DA:37,0
DA:38,0
DA:39,0
DA:40,0
DA:41,0
DA:42,0
DA:43,0
DA:44,0
DA:45,0
DA:46,0
DA:47,0
DA:48,0
DA:49,0
DA:50,0
DA:53,0
DA:54,0
DA:56,0
DA:59,0
DA:60,0
DA:61,0
DA:68,0
DA:69,0
DA:70,0
DA:71,0
DA:72,0
DA:73,0
DA:74,0
DA:75,0
DA:76,0
DA:79,0
DA:80,0
DA:81,0
DA:82,0
DA:83,0
DA:84,0
DA:85,0
DA:86,0
DA:87,0
LF:55
LH:0
end_of_record
SF:lib\domain\models\user\user.dart
DA:21,0
LF:1
LH:0
end_of_record
SF:lib\generated\intl\messages_all.dart
DA:22,6
DA:23,4
DA:24,0
DA:27,2
DA:29,2
DA:30,2
DA:31,0
DA:32,0
DA:39,2
DA:40,2
DA:41,6
DA:42,0
DA:44,0
DA:46,4
DA:47,2
DA:48,6
DA:49,4
DA:50,2
DA:53,2
DA:55,2
DA:61,2
DA:63,2
DA:65,2
LF:23
LH:18
end_of_record
SF:lib\generated\intl\messages_en.dart
DA:16,6
DA:21,0
DA:24,4
DA:26,2
DA:27,2
DA:29,2
DA:30,2
DA:31,2
DA:32,2
DA:33,2
DA:34,2
DA:35,2
DA:37,2
DA:38,2
DA:39,2
DA:40,2
DA:41,2
DA:42,2
DA:43,2
DA:44,2
DA:45,2
DA:46,2
DA:47,2
DA:48,2
DA:50,2
DA:51,2
LF:26
LH:25
end_of_record
SF:lib\generated\intl\messages_ru_RU.dart
DA:16,0
DA:21,0
DA:24,0
DA:26,0
DA:27,0
DA:29,0
DA:30,0
DA:31,0
DA:32,0
DA:33,0
DA:34,0
DA:35,0
DA:36,0
DA:37,0
DA:38,0
DA:39,0
DA:40,0
DA:41,0
DA:42,0
DA:44,0
DA:45,0
DA:46,0
DA:47,0
DA:48,0
DA:50,0
DA:51,0
LF:26
LH:0
end_of_record
SF:lib\generated\l10n.dart
DA:16,2
DA:20,0
DA:21,0
DA:28,2
DA:29,4
DA:30,0
DA:31,2
DA:32,2
DA:33,6
DA:34,2
DA:35,2
DA:42,2
DA:43,2
DA:44,2
DA:49,2
DA:50,2
DA:54,1
DA:55,1
DA:59,1
DA:64,1
DA:65,1
DA:69,1
DA:74,1
DA:75,1
DA:79,1
DA:84,1
DA:85,1
DA:89,1
DA:94,1
DA:95,1
DA:99,1
DA:104,1
DA:105,1
DA:109,1
DA:114,1
DA:115,1
DA:119,1
DA:124,1
DA:125,1
DA:129,1
DA:134,1
DA:135,1
DA:139,1
DA:144,1
DA:145,1
DA:149,1
DA:154,1
DA:155,1
DA:159,1
DA:164,1
DA:165,1
DA:169,1
DA:174,0
DA:175,0
DA:179,0
DA:184,1
DA:185,1
DA:189,1
DA:194,1
DA:195,1
DA:199,1
DA:204,1
DA:205,1
DA:209,1
DA:214,1
DA:215,1
DA:219,1
DA:224,0
DA:225,0
DA:229,0
DA:234,0
DA:235,0
DA:239,0
DA:244,0
DA:245,0
DA:249,0
DA:254,0
DA:255,0
DA:259,0
DA:264,0
DA:265,0
DA:269,0
DA:274,0
DA:275,0
DA:279,0
DA:285,3
DA:287,2
DA:294,2
DA:295,2
DA:296,2
DA:297,2
DA:298,0
DA:301,2
DA:302,4
DA:303,6
LF:95
LH:70
end_of_record
SF:lib\presentation\go_router\go_router.dart
DA:10,0
DA:11,0
DA:12,0
DA:14,0
DA:16,0
DA:19,0
DA:20,0
DA:21,0
DA:22,0
DA:26,0
DA:28,0
DA:38,3
DA:40,0
DA:41,0
DA:43,0
DA:45,0
DA:46,0
DA:49,0
DA:50,0
DA:54,0
DA:57,0
DA:58,0
DA:63,0
LF:23
LH:1
end_of_record
SF:lib\presentation\pages\login\login_page.dart
DA:11,3
DA:13,0
DA:14,0
DA:18,0
DA:20,0
DA:21,0
DA:23,0
DA:26,0
DA:28,0
DA:29,0
DA:30,0
DA:31,0
DA:32,0
DA:33,0
DA:34,0
DA:38,0
DA:39,0
DA:40,0
DA:43,0
DA:44,0
DA:46,0
DA:47,0
DA:48,0
DA:49,0
DA:52,0
DA:53,0
DA:54,0
DA:58,0
DA:59,0
DA:60,0
DA:61,0
DA:62,0
DA:63,0
LF:33
LH:1
end_of_record
SF:lib\presentation\pages\todos\todos_app_bar.dart
DA:4,3
DA:6,0
DA:8,1
DA:9,1
DA:27,1
DA:29,1
DA:30,2
DA:31,1
DA:32,2
DA:33,2
DA:34,1
DA:36,1
DA:42,4
DA:43,2
DA:45,4
DA:46,2
DA:48,1
DA:49,3
DA:50,1
DA:51,3
DA:52,1
DA:54,1
DA:55,1
DA:56,1
DA:57,1
DA:59,4
DA:72,1
DA:73,7
DA:75,0
DA:77,1
DA:78,2
DA:79,5
DA:86,1
DA:91,1
DA:93,1
DA:95,1
DA:96,5
DA:97,4
DA:98,1
DA:99,1
DA:100,1
DA:102,1
DA:104,1
DA:105,2
DA:106,4
DA:107,4
DA:112,1
DA:113,1
DA:114,1
DA:115,2
DA:116,2
DA:117,1
DA:118,1
DA:122,1
DA:123,5
DA:124,1
DA:125,1
DA:126,1
DA:127,2
DA:138,3
DA:140,1
DA:141,1
DA:147,1
DA:149,1
DA:150,1
DA:151,2
DA:152,2
DA:153,2
DA:154,2
DA:155,2
DA:156,2
DA:159,1
DA:160,2
DA:161,2
DA:163,1
DA:164,1
DA:165,1
DA:166,1
DA:167,1
DA:168,4
DA:172,0
DA:173,0
DA:174,0
DA:176,0
DA:177,0
LF:85
LH:78
end_of_record
SF:lib\presentation\pages\todos\todos_list.dart
DA:7,1
DA:12,1
DA:14,1
DA:15,1
DA:22,2
DA:27,1
DA:29,1
DA:30,4
DA:33,1
DA:35,2
DA:36,1
DA:39,1
DA:41,1
DA:42,1
DA:43,1
DA:50,1
DA:51,1
DA:52,3
DA:53,1
DA:54,3
DA:55,1
DA:56,3
DA:61,1
DA:62,2
DA:63,4
DA:65,1
DA:66,2
DA:67,2
DA:76,1
DA:77,1
DA:78,0
DA:79,1
DA:80,1
DA:81,1
DA:83,1
DA:85,1
DA:86,1
DA:88,0
DA:90,0
DA:91,0
DA:96,1
DA:98,1
DA:99,1
DA:100,2
DA:101,2
DA:102,2
DA:104,1
DA:109,1
DA:115,0
DA:116,0
DA:119,1
DA:122,1
DA:123,6
DA:124,2
DA:126,3
DA:128,1
DA:129,1
DA:134,1
DA:135,1
DA:136,1
DA:137,1
DA:140,1
DA:141,2
DA:143,2
DA:144,5
DA:145,6
DA:146,2
DA:147,2
DA:149,3
DA:151,1
DA:152,1
DA:154,1
DA:156,2
DA:166,1
DA:167,2
DA:168,6
DA:169,5
DA:171,2
DA:172,3
DA:177,1
DA:178,2
DA:180,2
DA:181,6
DA:183,0
DA:184,0
DA:185,0
DA:198,1
DA:207,1
DA:209,1
DA:211,1
DA:212,1
DA:213,1
DA:214,1
DA:215,1
DA:218,1
DA:219,1
DA:220,1
DA:222,2
DA:232,1
DA:238,1
DA:240,1
DA:242,2
DA:243,1
DA:245,1
DA:246,1
DA:247,4
DA:248,1
DA:250,4
DA:252,1
DA:253,1
DA:254,1
DA:260,3
LF:112
LH:103
end_of_record
SF:lib\presentation\pages\todos\input_item.dart
DA:4,3
DA:6,1
DA:7,1
DA:16,1
DA:18,1
DA:21,1
DA:23,2
DA:24,2
DA:25,1
DA:28,1
DA:30,1
DA:31,1
DA:32,1
DA:35,1
DA:36,1
DA:37,4
DA:40,1
DA:41,1
DA:42,1
DA:43,1
DA:44,2
DA:45,4
DA:46,4
DA:48,4
DA:49,4
DA:50,2
DA:58,1
DA:59,2
DA:61,1
DA:62,3
DA:63,3
DA:64,1
DA:65,2
LF:33
LH:33
end_of_record
SF:lib\presentation\pages\todos\todos_drawer.dart
DA:4,3
DA:6,0
DA:7,0
DA:13,0
DA:15,0
DA:16,0
DA:17,0
DA:18,0
DA:19,0
DA:20,0
DA:21,0
DA:22,0
DA:23,0
DA:24,0
DA:25,0
DA:27,0
DA:28,0
DA:29,0
DA:33,0
DA:34,0
DA:35,0
DA:37,0
DA:39,0
DA:40,0
DA:41,0
DA:44,0
DA:45,0
DA:46,0
DA:47,0
DA:48,0
DA:49,0
DA:50,0
DA:54,0
DA:56,0
DA:61,0
DA:78,3
DA:80,0
DA:81,0
DA:85,0
DA:87,0
DA:88,0
DA:89,0
DA:90,0
DA:91,0
DA:92,0
DA:93,0
DA:94,0
DA:98,0
DA:99,0
DA:100,0
DA:101,0
DA:102,0
DA:103,0
DA:104,0
DA:105,0
DA:119,0
DA:123,0
DA:125,0
DA:128,0
DA:129,0
DA:130,0
DA:131,0
DA:132,0
DA:134,0
DA:140,0
DA:151,3
DA:153,0
DA:155,0
DA:156,0
DA:157,0
DA:160,0
DA:162,0
DA:164,0
DA:165,0
DA:167,0
DA:169,0
DA:170,0
DA:171,0
DA:172,0
DA:174,0
LF:80
LH:3
end_of_record
SF:lib\presentation\pages\todos\todos_page.dart
DA:17,4
DA:19,0
DA:21,1
DA:22,1
DA:28,1
DA:30,1
DA:31,3
DA:32,3
DA:33,3
DA:34,0
DA:39,1
DA:41,2
DA:42,1
DA:45,1
DA:47,1
DA:48,1
DA:49,1
DA:51,1
DA:53,1
DA:54,4
DA:55,1
DA:57,4
DA:59,0
DA:60,0
DA:65,1
DA:67,1
DA:68,1
DA:69,1
DA:70,1
DA:71,1
DA:73,1
DA:74,1
DA:76,1
DA:77,1
DA:78,1
DA:79,1
DA:80,1
DA:81,2
DA:83,1
DA:84,1
DA:85,1
DA:86,1
DA:87,1
DA:88,1
DA:98,3
DA:99,0
DA:101,0
DA:103,0
DA:104,0
DA:115,1
DA:116,1
DA:117,1
DA:123,1
DA:125,1
DA:126,1
LF:55
LH:47
end_of_record
SF:lib\presentation\pages\todo_settings\widgets\color.dart
DA:5,1
DA:8,1
DA:10,1
DA:11,1
DA:15,3
DA:17,1
DA:19,1
DA:21,1
DA:22,1
DA:23,2
DA:24,4
DA:25,4
DA:29,1
DA:33,1
DA:34,1
DA:35,1
DA:36,1
DA:37,2
DA:38,0
DA:39,0
DA:40,0
DA:43,0
DA:44,0
DA:46,1
DA:49,1
DA:50,1
DA:51,3
DA:54,3
DA:55,0
DA:57,0
DA:65,1
DA:71,1
DA:72,1
DA:73,4
LF:34
LH:27
end_of_record
SF:lib\presentation\pages\todo_settings\widgets\importance.dart
DA:5,1
DA:8,1
DA:10,1
DA:11,1
DA:19,1
DA:21,1
DA:23,2
DA:24,0
DA:28,1
DA:30,1
DA:32,2
DA:33,3
DA:34,3
DA:35,3
DA:39,1
DA:41,1
DA:42,1
DA:44,1
DA:51,3
DA:52,4
DA:53,1
DA:55,1
DA:57,1
DA:58,1
DA:59,2
DA:60,4
DA:61,4
DA:65,1
DA:66,3
DA:67,4
DA:68,4
DA:73,4
DA:74,1
DA:75,3
DA:76,3
DA:77,1
DA:78,2
DA:79,1
DA:80,1
DA:81,4
DA:82,4
DA:86,1
DA:87,1
DA:88,2
DA:89,4
DA:90,5
DA:93,1
DA:94,3
LF:48
LH:47
end_of_record
SF:lib\presentation\pages\todo_settings\widgets\deadline.dart
DA:5,1
DA:8,1
DA:10,1
DA:11,1
DA:19,1
DA:21,1
DA:23,2
DA:24,0
DA:25,0
DA:26,0
DA:27,0
DA:28,0
DA:29,0
DA:33,1
DA:35,1
DA:36,1
DA:37,1
DA:39,1
DA:40,1
DA:41,2
DA:42,4
DA:43,4
DA:46,1
DA:47,1
DA:48,0
DA:49,0
DA:50,0
DA:51,0
DA:57,1
DA:58,1
DA:59,3
DA:60,4
DA:61,4
DA:62,4
DA:63,0
DA:65,0
DA:67,0
DA:68,0
DA:69,0
DA:70,0
DA:72,0
DA:73,0
DA:82,0
DA:83,0
DA:84,0
DA:85,0
DA:86,0
DA:87,0
DA:88,0
DA:89,0
DA:95,0
DA:96,0
DA:98,0
DA:99,0
DA:100,0
DA:102,0
DA:103,0
DA:104,0
DA:105,0
DA:106,0
DA:108,0
DA:109,0
DA:112,0
DA:113,0
LF:64
LH:24
end_of_record
SF:lib\presentation\pages\todo_settings\widgets\tag.dart
DA:5,1
DA:8,1
DA:10,1
DA:11,1
DA:15,4
DA:17,1
DA:19,1
DA:21,1
DA:22,1
DA:23,2
DA:24,4
DA:25,4
DA:29,1
DA:33,3
DA:34,0
DA:35,0
DA:36,0
DA:37,0
DA:39,0
DA:43,0
DA:44,0
DA:46,1
DA:51,1
DA:52,1
DA:53,3
DA:56,1
DA:57,2
DA:58,0
DA:60,1
DA:61,1
DA:62,1
DA:65,1
DA:67,1
DA:68,1
DA:69,1
DA:70,3
DA:73,1
DA:74,1
DA:75,4
DA:76,3
DA:83,1
DA:89,1
DA:90,2
LF:43
LH:35
end_of_record
SF:lib\presentation\pages\todo_settings\todo_settings_page.dart
DA:24,1
DA:28,0
DA:29,0
DA:31,1
DA:32,1
DA:40,1
DA:42,1
DA:44,2
DA:45,1
DA:47,0
DA:48,0
DA:52,1
DA:54,2
DA:55,1
DA:58,1
DA:59,3
DA:60,0
DA:63,1
DA:64,2
DA:65,1
DA:70,1
DA:72,1
DA:73,4
DA:74,1
DA:75,1
DA:77,1
DA:78,1
DA:79,0
DA:80,0
DA:83,1
DA:84,3
DA:85,1
DA:86,1
DA:87,1
DA:88,1
DA:89,1
DA:92,1
DA:94,1
DA:95,1
DA:96,1
DA:97,1
DA:112,0
DA:113,0
DA:114,0
DA:126,1
DA:130,1
DA:132,1
DA:133,1
DA:137,2
DA:138,1
DA:140,3
DA:141,3
DA:142,2
DA:145,1
DA:146,2
DA:148,1
DA:149,2
DA:151,1
DA:152,2
DA:154,1
DA:155,2
DA:157,1
DA:159,3
DA:160,3
DA:161,2
DA:164,1
DA:165,2
DA:169,1
DA:171,1
DA:172,0
DA:173,0
DA:176,1
DA:177,2
DA:180,3
DA:181,1
DA:182,2
LF:76
LH:64
end_of_record
SF:lib\presentation\pages\todo_settings\widgets\text_input.dart
DA:9,1
DA:16,2
DA:17,1
DA:19,1
DA:20,1
DA:27,1
DA:29,1
DA:30,2
DA:31,0
DA:32,0
DA:34,0
DA:39,1
DA:41,2
DA:42,2
DA:43,1
DA:46,1
DA:47,0
DA:49,1
DA:51,1
DA:52,0
DA:55,1
DA:57,1
DA:58,1
DA:59,2
DA:60,4
DA:61,4
DA:65,1
DA:69,1
DA:70,1
DA:71,1
DA:72,4
DA:73,1
DA:74,4
DA:75,4
DA:79,1
DA:81,2
DA:82,1
DA:83,1
DA:84,1
DA:86,4
DA:87,4
DA:88,4
DA:91,1
DA:92,2
DA:93,2
DA:94,1
DA:95,1
DA:105,2
DA:106,1
DA:107,4
DA:109,4
LF:51
LH:46
end_of_record
SF:lib\presentation\pages\todo_settings\widgets\save_button.dart
DA:4,3
DA:6,1
DA:8,1
DA:10,4
DA:11,1
DA:13,3
DA:14,1
DA:15,0
DA:16,0
DA:17,0
DA:19,1
DA:20,1
DA:21,4
DA:23,1
DA:24,4
DA:27,1
DA:28,1
DA:29,1
DA:33,1
DA:34,2
DA:35,4
DA:36,4
LF:22
LH:19
end_of_record
SF:lib\presentation\pages\todo_settings\widgets\delete_button.dart
DA:5,1
DA:8,1
DA:10,1
DA:11,1
DA:17,1
DA:19,3
DA:20,0
DA:21,4
DA:22,1
DA:23,1
DA:24,1
DA:25,1
DA:26,2
DA:27,1
DA:28,2
DA:29,5
DA:34,0
DA:35,0
DA:36,0
DA:37,0
DA:38,0
DA:43,0
LF:22
LH:15
end_of_record
SF:lib\presentation\pages\todo_settings\bloc\submission_bloc.dart
DA:42,3
DA:43,1
DA:44,1
DA:45,1
DA:46,0
DA:48,1
DA:49,2
DA:50,1
DA:52,4
DA:53,4
DA:54,1
DA:55,3
DA:56,1
DA:57,1
DA:58,1
DA:60,1
DA:62,0
DA:63,0
DA:64,0
DA:65,0
DA:66,0
DA:67,0
DA:69,0
DA:70,0
DA:73,0
DA:74,0
DA:76,0
DA:77,0
DA:78,0
DA:79,0
DA:80,0
DA:82,0
LF:32
LH:15
end_of_record
SF:lib\presentation\pages\todos\todos_item\widgets\item_content.dart
DA:5,1
DA:8,1
DA:10,1
DA:11,1
DA:25,1
DA:27,1
DA:28,1
DA:29,1
DA:30,3
DA:31,4
DA:32,3
DA:33,0
DA:34,4
DA:35,3
DA:41,4
DA:42,1
DA:43,4
DA:44,4
DA:45,3
DA:46,0
DA:47,4
DA:48,3
DA:55,2
DA:56,2
DA:57,1
DA:59,1
DA:60,1
DA:61,1
DA:64,1
DA:65,3
DA:66,0
DA:68,0
DA:70,1
DA:71,1
DA:72,1
DA:73,2
DA:76,1
DA:77,1
DA:78,1
DA:79,1
DA:81,1
DA:82,1
DA:83,2
DA:86,1
DA:88,4
DA:89,1
DA:90,4
DA:91,1
DA:94,3
DA:95,1
DA:96,2
DA:97,1
DA:98,1
DA:99,1
DA:100,1
DA:101,1
DA:104,1
DA:110,1
DA:111,1
DA:112,1
DA:113,2
DA:123,1
DA:124,7
DA:126,1
DA:127,7
DA:129,1
DA:130,2
DA:131,3
DA:132,2
DA:134,1
DA:135,1
DA:140,1
DA:141,1
DA:143,3
DA:144,4
DA:145,2
DA:146,4
DA:147,5
LF:78
LH:74
end_of_record
SF:lib\presentation\pages\todos\todos_item\todos_item.dart
DA:21,1
DA:25,1
DA:27,1
DA:28,1
DA:34,1
DA:36,2
DA:37,1
DA:40,1
DA:42,1
DA:43,1
DA:44,1
DA:46,1
DA:47,4
DA:49,2
DA:50,1
DA:51,1
DA:52,2
DA:55,4
DA:57,1
DA:58,1
DA:59,2
DA:62,4
DA:64,1
DA:65,2
DA:67,1
DA:68,1
DA:69,3
DA:71,0
DA:72,0
DA:76,1
DA:77,1
DA:78,0
DA:79,0
DA:80,0
DA:87,1
DA:88,7
DA:96,1
DA:97,4
DA:98,2
DA:103,0
DA:104,0
DA:105,0
LF:42
LH:34
end_of_record
SF:lib\presentation\pages\todos\todos_item\widgets\item_checkbox.dart
DA:5,1
DA:8,1
DA:10,1
DA:11,1
DA:15,1
DA:17,1
DA:18,4
DA:19,0
DA:23,1
DA:24,3
DA:25,0
DA:26,0
DA:27,4
DA:28,0
DA:29,0
DA:30,1
DA:31,4
DA:32,3
DA:33,1
DA:34,2
DA:35,1
DA:36,2
LF:22
LH:17
end_of_record
SF:lib\presentation\pages\todos\todos_item\widgets\item_text.dart
DA:8,1
DA:14,1
DA:16,1
DA:17,1
DA:23,1
DA:25,1
DA:27,1
DA:28,1
DA:31,1
DA:32,1
DA:33,1
DA:34,2
DA:35,1
DA:36,1
DA:37,2
DA:38,2
DA:42,2
DA:45,1
DA:46,3
DA:49,1
DA:50,1
DA:51,4
DA:52,0
DA:53,0
DA:54,2
DA:55,5
DA:60,3
DA:61,0
DA:63,0
DA:64,0
DA:65,0
DA:66,0
DA:68,0
DA:69,0
DA:77,1
DA:79,1
DA:82,1
DA:83,2
DA:84,1
DA:87,1
DA:88,1
DA:91,1
DA:92,1
DA:98,0
DA:99,0
DA:101,0
DA:102,0
DA:105,0
DA:106,0
DA:107,0
DA:108,0
LF:51
LH:34
end_of_record
SF:lib\presentation\pages\todos\todos_item\widgets\value_listenable_background.dart
DA:11,1
DA:19,2
DA:20,1
DA:22,1
DA:24,1
DA:28,1
DA:30,1
DA:31,2
DA:32,1
DA:33,1
DA:34,1
DA:35,1
DA:37,2
DA:38,1
DA:39,5
DA:40,2
DA:42,4
DA:43,1
DA:45,2
DA:46,1
DA:47,1
DA:49,2
DA:50,2
DA:51,2
DA:52,2
DA:54,1
DA:55,2
DA:56,4
DA:64,1
DA:65,2
DA:77,1
DA:85,1
DA:87,1
DA:88,5
DA:89,1
DA:90,2
DA:91,1
DA:92,4
DA:94,6
DA:95,2
DA:96,1
DA:97,1
DA:100,1
DA:102,1
LF:44
LH:44
end_of_record
SF:lib\presentation\pages\todos\todos_item\widgets\item_info_button.dart
DA:5,2
DA:7,1
DA:9,1
DA:13,1
DA:15,4
DA:17,0
DA:18,0
LF:7
LH:5
end_of_record
SF:lib\presentation\pages\todos\todos_item\widgets\custom_dismissible.dart
DA:13,1
DA:23,1
DA:27,1
DA:29,2
DA:30,6
DA:32,3
DA:35,1
DA:37,3
DA:54,1
DA:65,1
DA:67,1
DA:68,1
DA:85,1
DA:88,1
DA:90,1
DA:91,2
DA:93,4
DA:96,1
DA:97,4
DA:98,1
DA:99,0
DA:102,2
DA:107,2
DA:108,2
DA:111,2
DA:115,2
DA:116,1
DA:117,2
DA:118,1
DA:119,1
DA:120,1
DA:124,2
DA:127,1
DA:129,1
DA:130,2
DA:131,4
DA:132,3
DA:134,1
DA:136,1
DA:137,1
DA:138,1
DA:139,2
DA:140,2
DA:141,0
DA:142,2
DA:143,2
DA:144,1
DA:147,1
DA:148,2
DA:149,2
DA:154,4
DA:155,1
DA:156,1
DA:162,1
DA:164,0
DA:165,1
DA:166,2
DA:167,1
DA:168,2
DA:174,1
DA:175,4
DA:176,2
DA:177,2
DA:178,0
DA:179,0
DA:181,4
DA:182,5
DA:183,0
DA:184,4
DA:185,0
DA:191,1
DA:192,4
DA:193,5
DA:194,3
DA:195,0
DA:199,3
DA:200,0
DA:205,3
DA:206,0
DA:208,0
DA:209,0
DA:212,0
DA:217,4
DA:218,1
DA:220,4
DA:221,2
DA:228,0
DA:232,0
DA:233,0
DA:234,0
DA:235,0
DA:236,0
DA:237,0
DA:238,0
DA:239,0
DA:240,0
DA:244,1
DA:252,1
DA:253,1
DA:254,2
DA:255,1
DA:256,3
DA:261,1
DA:262,1
DA:263,1
DA:265,1
DA:268,3
DA:269,1
DA:272,2
DA:279,1
DA:284,2
DA:285,2
DA:287,1
DA:289,4
DA:290,1
DA:292,1
DA:293,0
DA:298,1
DA:302,4
DA:303,2
DA:304,2
DA:307,2
DA:308,1
DA:312,1
DA:313,1
DA:314,2
DA:317,1
DA:321,1
DA:322,0
DA:323,0
DA:324,0
DA:327,1
DA:328,1
DA:329,2
DA:330,1
DA:331,1
DA:332,4
DA:333,1
DA:335,1
DA:337,0
DA:344,1
DA:345,2
DA:346,4
DA:352,1
DA:353,5
DA:355,3
DA:357,2
DA:361,1
DA:363,2
DA:364,2
DA:365,1
LF:151
LH:123
end_of_record
SF:lib\presentation\shared\app_bar_hider.dart
DA:7,2
DA:10,4
DA:11,2
DA:13,2
DA:14,2
DA:20,2
DA:22,2
DA:23,4
DA:25,10
DA:26,2
DA:30,2
DA:32,2
DA:34,10
DA:35,8
DA:36,6
DA:39,8
DA:42,0
DA:44,0
DA:45,0
DA:46,0
DA:47,0
DA:50,0
DA:51,0
DA:54,2
DA:56,4
DA:57,2
DA:60,2
DA:62,4
DA:65,2
DA:66,8
DA:67,4
DA:68,6
DA:70,6
LF:33
LH:26
end_of_record
SF:lib\presentation\shared\log_in_button.dart
DA:9,6
DA:11,0
DA:13,0
DA:14,0
DA:15,0
DA:16,0
DA:17,0
DA:19,0
DA:20,0
DA:22,0
DA:23,0
DA:25,0
DA:26,0
DA:27,0
DA:30,0
DA:31,0
DA:33,0
DA:34,0
DA:35,0
DA:40,0
DA:41,0
DA:44,0
LF:22
LH:1
end_of_record
SF:lib\presentation\ui\custom_icons.dart
DA:19,0
LF:1
LH:0
end_of_record
SF:lib\presentation\ui\theme\app_theme.dart
DA:25,2
DA:37,4
DA:38,2
DA:42,2
DA:43,2
DA:45,2
DA:46,4
DA:48,2
DA:53,2
DA:54,4
DA:55,2
DA:58,2
DA:59,2
DA:60,2
DA:61,2
DA:63,2
DA:64,2
DA:66,2
DA:67,2
DA:68,4
DA:69,4
DA:72,4
DA:76,4
DA:105,2
DA:111,2
DA:116,0
DA:121,2
DA:127,1
DA:133,1
LF:29
LH:28
end_of_record
SF:lib\presentation\ui\theme\dark_theme.dart
DA:6,0
DA:7,0
LF:2
LH:0
end_of_record
SF:lib\presentation\ui\theme\light_theme.dart
DA:6,2
DA:7,2
LF:2
LH:2
end_of_record
